2019-08-01 14:36:45,435 - TestLog - INFO:-----正确的账号密码登录-----
2019-08-01 14:36:45,660 - TestLog - INFO:登录结果：b'{"code":1,"msg":"\\u767b\\u5f55\\u6210\\u529f"}'
2019-08-01 14:36:45,661 - TestLog - INFO:提取sessionid成功：h3pp4r86hmuusm7s0nmpc48cb1
2019-08-01 14:36:45,662 - TestLog - INFO:-----正确的账号错误的密码登录-----
2019-08-01 14:36:45,874 - TestLog - INFO:登录结果：b'{"code":0,"msg":"\\u5bc6\\u7801\\u4e0d\\u6b63\\u786e\\uff0c\\u8bf7\\u91cd\\u65b0\\u8f93\\u5165"}'
2019-08-01 14:36:45,875 - TestLog - INFO:-----错误的账号正确密码登录-----
2019-08-01 14:36:46,052 - TestLog - INFO:登录结果：b'{"code":0,"msg":"\\u5c1a\\u672a\\u6ce8\\u518c\\uff0c\\u8bf7\\u5148\\u6ce8\\u518c"}'
2019-08-01 14:36:46,053 - TestLog - INFO:-----错误的账号错误的密码登录-----
2019-08-01 14:36:46,208 - TestLog - INFO:登录结果：b'{"code":0,"msg":"\\u5c1a\\u672a\\u6ce8\\u518c\\uff0c\\u8bf7\\u5148\\u6ce8\\u518c"}'
2019-08-01 14:36:46,210 - TestLog - INFO:-----账号密码为空登录-----
2019-08-01 14:36:46,367 - TestLog - INFO:登录结果：b'{"code":0,"msg":"\\u8d26\\u6237\\u5f02\\u5e38\\uff0c\\u8bf7\\u8054\\u7cfb\\u5ba2\\u670d"}'
2019-08-01 14:41:24,028 - TestLog - INFO:-----正确的账号密码登录-----
2019-08-01 14:41:24,239 - TestLog - INFO:-----正确的账号错误的密码登录-----
2019-08-01 14:41:24,440 - TestLog - INFO:登录结果：{'code': 0, 'msg': '密码不正确，请重新输入'}
2019-08-01 14:41:24,441 - TestLog - INFO:-----错误的账号正确密码登录-----
2019-08-01 14:41:24,625 - TestLog - INFO:登录结果：{'code': 0, 'msg': '尚未注册，请先注册'}
2019-08-01 14:41:24,627 - TestLog - INFO:-----错误的账号错误的密码登录-----
2019-08-01 14:41:24,786 - TestLog - INFO:-----账号密码为空登录-----
2019-08-01 14:43:35,944 - TestLog - INFO:-----正确的账号密码登录-----
2019-08-01 14:43:36,196 - TestLog - INFO:登录结果：{'code': 1, 'msg': '登录成功'}
2019-08-01 14:43:36,197 - TestLog - INFO:提取sessionid成功，sessionid为：cqmrdm8vv3c5lf0ii6fhbadmi4
2019-08-01 14:43:36,199 - TestLog - INFO:-----正确的账号错误的密码登录-----
2019-08-01 14:43:36,388 - TestLog - INFO:登录结果：{'code': 0, 'msg': '密码不正确，请重新输入'}
2019-08-01 14:43:36,389 - TestLog - INFO:-----错误的账号正确密码登录-----
2019-08-01 14:43:36,574 - TestLog - INFO:登录结果：{'code': 0, 'msg': '尚未注册，请先注册'}
2019-08-01 14:43:36,575 - TestLog - INFO:-----错误的账号错误的密码登录-----
2019-08-01 14:43:36,726 - TestLog - INFO:登录结果：{'code': 0, 'msg': '尚未注册，请先注册'}
2019-08-01 14:43:36,727 - TestLog - INFO:-----账号密码为空登录-----
2019-08-01 14:43:36,888 - TestLog - INFO:登录结果：{'code': 0, 'msg': '账户异常，请联系客服'}
2019-08-01 14:46:22,455 - TestLog - INFO:-----正确的账号密码登录-----
2019-08-01 14:46:22,704 - TestLog - INFO:登录结果：{'code': 1, 'msg': '登录成功'}
2019-08-01 14:46:22,705 - TestLog - INFO:提取sessionid成功，sessionid为：0mnhbppcvkelembrk6gn51pth0
2019-08-01 14:46:22,706 - TestLog - INFO:-----正确的账号错误的密码登录-----
2019-08-01 14:46:22,906 - TestLog - INFO:登录结果：{'code': 0, 'msg': '密码不正确，请重新输入'}
2019-08-01 14:46:22,908 - TestLog - INFO:-----错误的账号正确密码登录-----
2019-08-01 14:46:23,077 - TestLog - INFO:-----错误的账号错误的密码登录-----
2019-08-01 14:46:23,252 - TestLog - INFO:-----账号密码为空登录-----
2019-08-01 14:52:31,238 - TestLog - INFO:-----正确的账号密码登录-----
2019-08-01 14:52:31,482 - TestLog - INFO:登录结果：{'code': 1, 'msg': '登录成功'}
2019-08-01 14:52:31,492 - TestLog - INFO:提取sessionid成功，sessionid为：1jrf1vtqqb9kjub404ldjgso85
2019-08-01 14:52:31,493 - TestLog - INFO:-----正确的账号错误的密码登录-----
2019-08-01 14:52:31,653 - TestLog - INFO:登录结果：{'code': 0, 'msg': '密码不正确，请重新输入'}
2019-08-01 14:52:31,663 - TestLog - INFO:-----错误的账号正确密码登录-----
2019-08-01 14:52:31,795 - TestLog - INFO:登录结果：{'code': 0, 'msg': '尚未注册，请先注册'}
2019-08-01 14:52:31,803 - TestLog - INFO:-----错误的账号错误的密码登录-----
2019-08-01 14:52:31,992 - TestLog - INFO:登录结果：{'code': 0, 'msg': '尚未注册，请先注册'}
2019-08-01 14:52:32,001 - TestLog - INFO:-----账号密码为空登录-----
2019-08-01 14:52:32,159 - TestLog - INFO:登录结果：{'code': 0, 'msg': '账户异常，请联系客服'}
2019-08-01 16:46:41,426 - TestLog - INFO:-----正确的账号密码登录-----
2019-08-01 16:46:41,629 - TestLog - INFO:登录结果：{'code': 1, 'msg': '登录成功'}
2019-08-01 16:46:41,632 - TestLog - INFO:提取sessionid成功，sessionid为：uv5fjir9bd5kgpdngn6o65dh01
2019-08-01 16:46:41,633 - TestLog - INFO:-----正确的账号错误的密码登录-----
2019-08-01 16:46:41,802 - TestLog - INFO:登录结果：{'code': 0, 'msg': '密码不正确，请重新输入'}
2019-08-01 16:46:41,811 - TestLog - INFO:-----错误的账号正确密码登录-----
2019-08-01 16:46:41,965 - TestLog - INFO:登录结果：{'code': 0, 'msg': '尚未注册，请先注册'}
2019-08-01 16:46:41,974 - TestLog - INFO:-----错误的账号错误的密码登录-----
2019-08-01 16:46:42,151 - TestLog - INFO:登录结果：{'code': 0, 'msg': '尚未注册，请先注册'}
2019-08-01 16:46:42,161 - TestLog - INFO:-----账号密码为空登录-----
2019-08-01 16:46:42,298 - TestLog - INFO:登录结果：{'code': 0, 'msg': '账户异常，请联系客服'}
2019-08-01 17:03:38,558 - TestLog - INFO:-----正确的账号密码登录-----
2019-08-01 17:03:38,795 - TestLog - INFO:登录结果：{'code': 1, 'msg': '登录成功'}
2019-08-01 17:03:38,799 - TestLog - INFO:提取sessionid成功，sessionid为：qjhagaccelo4sh9auh918ui885
2019-08-01 17:03:38,799 - TestLog - INFO:-----正确的账号错误的密码登录-----
2019-08-01 17:03:38,946 - TestLog - INFO:登录结果：{'code': 0, 'msg': '密码不正确，请重新输入'}
2019-08-01 17:03:38,956 - TestLog - INFO:-----错误的账号正确密码登录-----
2019-08-01 17:03:39,116 - TestLog - INFO:登录结果：{'code': 0, 'msg': '尚未注册，请先注册'}
2019-08-01 17:03:39,121 - TestLog - INFO:-----错误的账号错误的密码登录-----
2019-08-01 17:03:39,265 - TestLog - INFO:登录结果：{'code': 0, 'msg': '尚未注册，请先注册'}
2019-08-01 17:03:39,271 - TestLog - INFO:-----账号密码为空登录-----
2019-08-01 17:03:39,408 - TestLog - INFO:登录结果：{'code': 0, 'msg': '账户异常，请联系客服'}
2019-08-01 17:07:31,132 - TestLog - INFO:-----正确的账号密码登录-----
2019-08-01 17:07:31,322 - TestLog - INFO:登录结果：{'code': 1, 'msg': '登录成功'}
2019-08-01 17:07:31,332 - TestLog - INFO:提取sessionid成功，sessionid为：kicr3e44rk10pmketkjec5it26
2019-08-01 17:07:31,333 - TestLog - INFO:-----正确的账号错误的密码登录-----
2019-08-01 17:07:31,508 - TestLog - INFO:登录结果：{'code': 0, 'msg': '密码不正确，请重新输入'}
2019-08-01 17:07:31,517 - TestLog - INFO:-----错误的账号正确密码登录-----
2019-08-01 17:07:31,738 - TestLog - INFO:登录结果：{'code': 0, 'msg': '尚未注册，请先注册'}
2019-08-01 17:07:31,748 - TestLog - INFO:-----错误的账号错误的密码登录-----
2019-08-01 17:07:31,902 - TestLog - INFO:登录结果：{'code': 0, 'msg': '尚未注册，请先注册'}
2019-08-01 17:07:31,912 - TestLog - INFO:-----账号密码为空登录-----
2019-08-01 17:07:32,066 - TestLog - INFO:登录结果：{'code': 0, 'msg': '账户异常，请联系客服'}
2019-08-01 17:47:30,027 - TestLog - INFO:-----正确的账号密码登录-----
2019-08-01 17:47:30,230 - TestLog - INFO:登录结果：{'code': 1, 'msg': '登录成功'}
2019-08-01 17:47:30,239 - TestLog - INFO:提取sessionid成功，sessionid为：l8l82a9uo3ia5k6ob4amlrite1
2019-08-01 17:47:30,239 - TestLog - INFO:-----正确的账号错误的密码登录-----
2019-08-01 17:47:30,397 - TestLog - INFO:登录结果：{'code': 0, 'msg': '密码不正确，请重新输入'}
2019-08-01 17:47:30,406 - TestLog - INFO:-----错误的账号正确密码登录-----
2019-08-01 17:47:30,589 - TestLog - INFO:登录结果：{'code': 0, 'msg': '尚未注册，请先注册'}
2019-08-01 17:47:30,598 - TestLog - INFO:-----错误的账号错误的密码登录-----
2019-08-01 17:47:30,746 - TestLog - INFO:登录结果：{'code': 0, 'msg': '尚未注册，请先注册'}
2019-08-01 17:47:30,753 - TestLog - INFO:-----账号密码为空登录-----
2019-08-01 17:47:30,913 - TestLog - INFO:登录结果：{'code': 0, 'msg': '账户异常，请联系客服'}
2019-08-01 17:49:58,517 - TestLog - INFO:-----正确的账号密码登录-----
2019-08-01 17:49:58,793 - TestLog - INFO:登录结果：{'code': 1, 'msg': '登录成功'}
2019-08-01 17:49:58,802 - TestLog - INFO:提取sessionid成功，sessionid为：jrtn5l2nl2sicf6fili4qh36m6
2019-08-01 17:49:58,803 - TestLog - INFO:-----正确的账号错误的密码登录-----
2019-08-01 17:49:58,968 - TestLog - INFO:登录结果：{'code': 0, 'msg': '密码不正确，请重新输入'}
2019-08-01 17:49:58,977 - TestLog - INFO:-----错误的账号正确密码登录-----
2019-08-01 17:49:59,147 - TestLog - INFO:登录结果：{'code': 0, 'msg': '尚未注册，请先注册'}
2019-08-01 17:49:59,157 - TestLog - INFO:-----错误的账号错误的密码登录-----
2019-08-01 17:49:59,304 - TestLog - INFO:登录结果：{'code': 0, 'msg': '尚未注册，请先注册'}
2019-08-01 17:49:59,312 - TestLog - INFO:-----账号密码为空登录-----
2019-08-01 17:49:59,458 - TestLog - INFO:登录结果：{'code': 0, 'msg': '账户异常，请联系客服'}
2019-08-01 17:51:30,924 - TestLog - INFO:-----正确的账号密码登录-----
2019-08-01 17:51:31,114 - TestLog - INFO:登录结果：{'code': 1, 'msg': '登录成功'}
2019-08-01 17:51:31,123 - TestLog - INFO:提取sessionid成功，sessionid为：afc0fqol77g7dps386j53qa1m1
2019-08-01 17:51:31,124 - TestLog - INFO:-----正确的账号错误的密码登录-----
2019-08-01 17:51:31,295 - TestLog - INFO:登录结果：{'code': 0, 'msg': '密码不正确，请重新输入'}
2019-08-01 17:51:31,304 - TestLog - INFO:-----错误的账号正确密码登录-----
2019-08-01 17:51:31,457 - TestLog - INFO:登录结果：{'code': 0, 'msg': '尚未注册，请先注册'}
2019-08-01 17:51:31,467 - TestLog - INFO:-----错误的账号错误的密码登录-----
2019-08-01 17:51:31,669 - TestLog - INFO:登录结果：{'code': 0, 'msg': '尚未注册，请先注册'}
2019-08-01 17:51:31,679 - TestLog - INFO:-----账号密码为空登录-----
2019-08-01 17:51:31,848 - TestLog - INFO:登录结果：{'code': 0, 'msg': '账户异常，请联系客服'}
2019-08-01 17:54:53,805 - TestLog - INFO:-----正确的账号密码登录-----
2019-08-01 17:54:54,032 - TestLog - INFO:登录结果：{'code': 1, 'msg': '登录成功'}
2019-08-01 17:54:54,041 - TestLog - INFO:提取sessionid成功，sessionid为：r0vrrv0erupip3h5tnj4scsun7
2019-08-01 17:54:54,042 - TestLog - INFO:-----正确的账号错误的密码登录-----
2019-08-01 17:54:54,214 - TestLog - INFO:登录结果：{'code': 0, 'msg': '密码不正确，请重新输入'}
2019-08-01 17:54:54,223 - TestLog - INFO:-----错误的账号正确密码登录-----
2019-08-01 17:54:54,368 - TestLog - INFO:登录结果：{'code': 0, 'msg': '尚未注册，请先注册'}
2019-08-01 17:54:54,378 - TestLog - INFO:-----错误的账号错误的密码登录-----
2019-08-01 17:54:54,536 - TestLog - INFO:登录结果：{'code': 0, 'msg': '尚未注册，请先注册'}
2019-08-01 17:54:54,543 - TestLog - INFO:-----账号密码为空登录-----
2019-08-01 17:54:54,669 - TestLog - INFO:登录结果：{'code': 0, 'msg': '账户异常，请联系客服'}
2019-08-01 18:03:38,914 - TestLog - INFO:-----正确的账号密码登录-----
2019-08-01 18:03:39,101 - TestLog - INFO:登录结果：{'code': 1, 'msg': '登录成功'}
2019-08-01 18:03:39,110 - TestLog - INFO:提取sessionid成功，sessionid为：oqoqjit9on4fs8jgfuf1a4mdh6
2019-08-01 18:03:39,111 - TestLog - INFO:-----正确的账号错误的密码登录-----
2019-08-01 18:03:39,304 - TestLog - INFO:登录结果：{'code': 0, 'msg': '密码不正确，请重新输入'}
2019-08-01 18:03:39,313 - TestLog - INFO:-----错误的账号正确密码登录-----
2019-08-01 18:03:39,452 - TestLog - INFO:登录结果：{'code': 0, 'msg': '尚未注册，请先注册'}
2019-08-01 18:03:39,454 - TestLog - INFO:-----错误的账号错误的密码登录-----
2019-08-01 18:03:39,579 - TestLog - INFO:登录结果：{'code': 0, 'msg': '尚未注册，请先注册'}
2019-08-01 18:03:39,587 - TestLog - INFO:-----账号密码为空登录-----
2019-08-01 18:03:39,710 - TestLog - INFO:登录结果：{'code': 0, 'msg': '账户异常，请联系客服'}
2019-08-01 18:07:44,004 - TestLog - INFO:-----正确的账号密码登录-----
2019-08-01 18:07:44,240 - TestLog - INFO:登录结果：{'code': 1, 'msg': '登录成功'}
2019-08-01 18:07:44,243 - TestLog - INFO:提取sessionid成功，sessionid为：eo069j70q8phl6kkpqqqc5kmn6
2019-08-01 18:07:44,244 - TestLog - INFO:-----正确的账号错误的密码登录-----
2019-08-01 18:07:44,408 - TestLog - INFO:登录结果：{'code': 0, 'msg': '密码不正确，请重新输入'}
2019-08-01 18:07:44,411 - TestLog - INFO:-----错误的账号正确密码登录-----
2019-08-01 18:07:44,525 - TestLog - INFO:登录结果：{'code': 0, 'msg': '尚未注册，请先注册'}
2019-08-01 18:07:44,528 - TestLog - INFO:-----错误的账号错误的密码登录-----
2019-08-01 18:07:44,637 - TestLog - INFO:登录结果：{'code': 0, 'msg': '尚未注册，请先注册'}
2019-08-01 18:07:44,640 - TestLog - INFO:-----账号密码为空登录-----
2019-08-01 18:07:44,795 - TestLog - INFO:登录结果：{'code': 0, 'msg': '账户异常，请联系客服'}
2019-08-01 18:09:54,418 - TestLog - INFO:-----正确的账号密码登录-----
2019-08-01 18:09:54,622 - TestLog - INFO:登录结果：{'code': 1, 'msg': '登录成功'}
2019-08-01 18:09:54,631 - TestLog - INFO:提取sessionid成功，sessionid为：1m58jm9lcabpr98hhc7i5mu952
2019-08-01 18:09:54,632 - TestLog - INFO:-----正确的账号错误的密码登录-----
2019-08-01 18:09:54,795 - TestLog - INFO:登录结果：{'code': 0, 'msg': '密码不正确，请重新输入'}
2019-08-01 18:09:54,805 - TestLog - INFO:-----错误的账号正确密码登录-----
2019-08-01 18:09:54,974 - TestLog - INFO:登录结果：{'code': 0, 'msg': '尚未注册，请先注册'}
2019-08-01 18:09:54,985 - TestLog - INFO:-----错误的账号错误的密码登录-----
2019-08-01 18:09:55,140 - TestLog - INFO:登录结果：{'code': 0, 'msg': '尚未注册，请先注册'}
2019-08-01 18:09:55,150 - TestLog - INFO:-----账号密码为空登录-----
2019-08-01 18:09:55,299 - TestLog - INFO:登录结果：{'code': 0, 'msg': '账户异常，请联系客服'}
2019-08-01 18:10:30,464 - TestLog - INFO:-----正确的账号密码登录-----
2019-08-01 18:10:30,651 - TestLog - INFO:登录结果：{'code': 1, 'msg': '登录成功'}
2019-08-01 18:10:30,660 - TestLog - INFO:提取sessionid成功，sessionid为：e9b6013mqa08onimvluc3oq9o5
2019-08-01 18:10:30,661 - TestLog - INFO:-----正确的账号错误的密码登录-----
2019-08-01 18:10:30,881 - TestLog - INFO:登录结果：{'code': 0, 'msg': '密码不正确，请重新输入'}
2019-08-01 18:10:30,891 - TestLog - INFO:-----错误的账号正确密码登录-----
2019-08-01 18:10:31,043 - TestLog - INFO:登录结果：{'code': 0, 'msg': '尚未注册，请先注册'}
2019-08-01 18:10:31,052 - TestLog - INFO:-----错误的账号错误的密码登录-----
2019-08-01 18:10:31,214 - TestLog - INFO:登录结果：{'code': 0, 'msg': '尚未注册，请先注册'}
2019-08-01 18:10:31,224 - TestLog - INFO:-----账号密码为空登录-----
2019-08-01 18:10:31,354 - TestLog - INFO:登录结果：{'code': 0, 'msg': '账户异常，请联系客服'}
2019-08-01 18:13:45,894 - TestLog - INFO:-----正确的账号密码登录-----
2019-08-01 18:13:46,101 - TestLog - INFO:登录结果：{'code': 1, 'msg': '登录成功'}
2019-08-01 18:13:46,110 - TestLog - INFO:提取sessionid成功，sessionid为：32qcj27n5uh43j15g69g47gp72
2019-08-01 18:13:46,111 - TestLog - INFO:-----正确的账号错误的密码登录-----
2019-08-01 18:13:46,302 - TestLog - INFO:登录结果：{'code': 0, 'msg': '密码不正确，请重新输入'}
2019-08-01 18:13:46,310 - TestLog - INFO:-----错误的账号正确密码登录-----
2019-08-01 18:13:46,438 - TestLog - INFO:登录结果：{'code': 0, 'msg': '尚未注册，请先注册'}
2019-08-01 18:13:46,440 - TestLog - INFO:-----错误的账号错误的密码登录-----
2019-08-01 18:13:46,601 - TestLog - INFO:登录结果：{'code': 0, 'msg': '尚未注册，请先注册'}
2019-08-01 18:13:46,610 - TestLog - INFO:-----账号密码为空登录-----
2019-08-01 18:13:46,726 - TestLog - INFO:登录结果：{'code': 0, 'msg': '账户异常，请联系客服'}
2019-08-01 18:25:22,472 - TestLog - INFO:-----正确的账号密码登录-----
2019-08-01 18:25:22,699 - TestLog - INFO:登录结果：{'code': 1, 'msg': '登录成功'}
2019-08-01 18:25:22,702 - TestLog - INFO:提取sessionid成功，sessionid为：pmeebu85bctg3nmqonuuigame3
2019-08-01 18:25:22,702 - TestLog - INFO:-----正确的账号错误的密码登录-----
2019-08-01 18:25:22,902 - TestLog - INFO:登录结果：{'code': 0, 'msg': '密码不正确，请重新输入'}
2019-08-01 18:25:22,911 - TestLog - INFO:-----错误的账号正确密码登录-----
2019-08-01 18:25:23,064 - TestLog - INFO:登录结果：{'code': 0, 'msg': '尚未注册，请先注册'}
2019-08-01 18:25:23,068 - TestLog - INFO:-----错误的账号错误的密码登录-----
2019-08-01 18:25:23,221 - TestLog - INFO:登录结果：{'code': 0, 'msg': '尚未注册，请先注册'}
2019-08-01 18:25:23,231 - TestLog - INFO:-----账号密码为空登录-----
2019-08-01 18:25:23,386 - TestLog - INFO:登录结果：{'code': 0, 'msg': '账户异常，请联系客服'}
2019-08-01 18:26:33,028 - TestLog - INFO:-----正确的账号密码登录-----
2019-08-01 18:26:33,246 - TestLog - INFO:登录结果：{'code': 1, 'msg': '登录成功'}
2019-08-01 18:26:33,255 - TestLog - INFO:提取sessionid成功，sessionid为：n3vib9prr096mpj1b6r10kjca3
2019-08-01 18:26:33,257 - TestLog - INFO:-----正确的账号错误的密码登录-----
2019-08-01 18:26:33,404 - TestLog - INFO:登录结果：{'code': 0, 'msg': '密码不正确，请重新输入'}
2019-08-01 18:26:33,408 - TestLog - INFO:-----错误的账号正确密码登录-----
2019-08-01 18:26:33,540 - TestLog - INFO:登录结果：{'code': 0, 'msg': '尚未注册，请先注册'}
2019-08-01 18:26:33,544 - TestLog - INFO:-----错误的账号错误的密码登录-----
2019-08-01 18:26:33,724 - TestLog - INFO:登录结果：{'code': 0, 'msg': '尚未注册，请先注册'}
2019-08-01 18:26:33,734 - TestLog - INFO:-----账号密码为空登录-----
2019-08-01 18:26:33,858 - TestLog - INFO:登录结果：{'code': 0, 'msg': '账户异常，请联系客服'}
2019-08-01 18:28:40,231 - TestLog - INFO:-----正确的账号密码登录-----
2019-08-01 18:28:40,459 - TestLog - INFO:登录结果：{'code': 1, 'msg': '登录成功'}
2019-08-01 18:28:40,468 - TestLog - INFO:提取sessionid成功，sessionid为：04udq78102d6q1gtvmikbe7pc4
2019-08-01 18:28:40,469 - TestLog - INFO:-----正确的账号错误的密码登录-----
2019-08-01 18:28:40,645 - TestLog - INFO:登录结果：{'code': 0, 'msg': '密码不正确，请重新输入'}
2019-08-01 18:28:40,654 - TestLog - INFO:-----错误的账号正确密码登录-----
2019-08-01 18:28:40,852 - TestLog - INFO:登录结果：{'code': 0, 'msg': '尚未注册，请先注册'}
2019-08-01 18:28:40,861 - TestLog - INFO:-----错误的账号错误的密码登录-----
2019-08-01 18:28:41,011 - TestLog - INFO:登录结果：{'code': 0, 'msg': '尚未注册，请先注册'}
2019-08-01 18:28:41,021 - TestLog - INFO:-----账号密码为空登录-----
2019-08-01 18:28:41,142 - TestLog - INFO:登录结果：{'code': 0, 'msg': '账户异常，请联系客服'}
2019-08-01 18:29:35,558 - TestLog - INFO:-----正确的账号密码登录-----
2019-08-01 18:29:35,748 - TestLog - INFO:登录结果：{'code': 1, 'msg': '登录成功'}
2019-08-01 18:29:35,757 - TestLog - INFO:提取sessionid成功，sessionid为：e9mnclvfj4t91n4js160amd9e6
2019-08-01 18:29:35,758 - TestLog - INFO:-----正确的账号错误的密码登录-----
2019-08-01 18:29:35,966 - TestLog - INFO:登录结果：{'code': 0, 'msg': '密码不正确，请重新输入'}
2019-08-01 18:29:35,973 - TestLog - INFO:-----错误的账号正确密码登录-----
2019-08-01 18:29:36,119 - TestLog - INFO:登录结果：{'code': 0, 'msg': '尚未注册，请先注册'}
2019-08-01 18:29:36,128 - TestLog - INFO:-----错误的账号错误的密码登录-----
2019-08-01 18:29:36,284 - TestLog - INFO:登录结果：{'code': 0, 'msg': '尚未注册，请先注册'}
2019-08-01 18:29:36,294 - TestLog - INFO:-----账号密码为空登录-----
2019-08-01 18:29:36,429 - TestLog - INFO:登录结果：{'code': 0, 'msg': '账户异常，请联系客服'}
2019-08-01 18:30:04,008 - TestLog - INFO:-----正确的账号密码登录-----
2019-08-01 18:30:04,220 - TestLog - INFO:登录结果：{'code': 1, 'msg': '登录成功'}
2019-08-01 18:30:04,228 - TestLog - INFO:提取sessionid成功，sessionid为：lr8m99g8snacbpqg1iasr8v1m0
2019-08-01 18:30:04,228 - TestLog - INFO:-----正确的账号错误的密码登录-----
2019-08-01 18:30:04,381 - TestLog - INFO:登录结果：{'code': 0, 'msg': '密码不正确，请重新输入'}
2019-08-01 18:30:04,389 - TestLog - INFO:-----错误的账号正确密码登录-----
2019-08-01 18:30:04,566 - TestLog - INFO:登录结果：{'code': 0, 'msg': '尚未注册，请先注册'}
2019-08-01 18:30:04,572 - TestLog - INFO:-----错误的账号错误的密码登录-----
2019-08-01 18:30:04,702 - TestLog - INFO:登录结果：{'code': 0, 'msg': '尚未注册，请先注册'}
2019-08-01 18:30:04,706 - TestLog - INFO:-----账号密码为空登录-----
2019-08-01 18:30:04,873 - TestLog - INFO:登录结果：{'code': 0, 'msg': '账户异常，请联系客服'}
2019-08-01 18:31:46,355 - TestLog - INFO:-----正确的账号密码登录-----
2019-08-01 18:31:46,544 - TestLog - INFO:登录结果：{'code': 1, 'msg': '登录成功'}
2019-08-01 18:31:46,554 - TestLog - INFO:提取sessionid成功，sessionid为：g2f8dt8rd599bsu3mj5ja205a5
2019-08-01 18:31:46,555 - TestLog - INFO:-----正确的账号错误的密码登录-----
2019-08-01 18:31:46,742 - TestLog - INFO:登录结果：{'code': 0, 'msg': '密码不正确，请重新输入'}
2019-08-01 18:31:46,752 - TestLog - INFO:-----错误的账号正确密码登录-----
2019-08-01 18:31:46,924 - TestLog - INFO:登录结果：{'code': 0, 'msg': '尚未注册，请先注册'}
2019-08-01 18:31:46,933 - TestLog - INFO:-----错误的账号错误的密码登录-----
2019-08-01 18:31:47,075 - TestLog - INFO:登录结果：{'code': 0, 'msg': '尚未注册，请先注册'}
2019-08-01 18:31:47,077 - TestLog - INFO:-----账号密码为空登录-----
2019-08-01 18:31:47,179 - TestLog - INFO:登录结果：{'code': 0, 'msg': '账户异常，请联系客服'}
