2019-08-29 16:26:17,056 - 接口自动化测试 - INFO:接口home_006请求成功，请求方式：get，请求参数：None
2019-08-29 16:26:17,059 - 接口自动化测试 - INFO:home_006接口通过预期结果断言成功
2019-08-29 16:26:17,062 - 接口自动化测试 - INFO:测试结果写入excel成功，写入结果：pass
2019-08-29 16:26:17,110 - 接口自动化测试 - INFO:接口home_007请求成功，请求方式：get，请求参数：None
2019-08-29 16:26:17,113 - 接口自动化测试 - INFO:home_007接口通过预期结果断言成功
2019-08-29 16:26:17,116 - 接口自动化测试 - INFO:测试结果写入excel成功，写入结果：pass
2019-08-29 16:26:17,160 - 接口自动化测试 - INFO:接口home_008请求成功，请求方式：get，请求参数：None
2019-08-29 16:26:17,162 - 接口自动化测试 - INFO:home_008接口通过预期结果断言成功
2019-08-29 16:26:17,165 - 接口自动化测试 - INFO:测试结果写入excel成功，写入结果：pass
2019-08-29 16:26:17,213 - 接口自动化测试 - INFO:接口home_009请求成功，请求方式：get，请求参数：None
2019-08-29 16:26:17,215 - 接口自动化测试 - ERROR:home_009接口通过预期结果断言失败
2019-08-29 16:26:17,264 - 接口自动化测试 - INFO:接口home_010请求成功，请求方式：get，请求参数：None
2019-08-29 16:26:17,267 - 接口自动化测试 - INFO:home_010接口通过预期结果断言成功
2019-08-29 16:26:17,270 - 接口自动化测试 - INFO:测试结果写入excel成功，写入结果：pass
2019-08-29 16:26:17,315 - 接口自动化测试 - INFO:接口home_011请求成功，请求方式：get，请求参数：None
2019-08-29 16:26:17,317 - 接口自动化测试 - INFO:home_011接口通过预期结果断言成功
2019-08-29 16:26:17,320 - 接口自动化测试 - INFO:测试结果写入excel成功，写入结果：pass
2019-08-29 16:26:17,536 - 接口自动化测试 - INFO:接口login_001请求成功，请求方式：post，请求参数：{'username': '15217043402', 'password': 123456, 'loginType': 3, 'regFrom': 2, 'isCard': 1}
2019-08-29 16:26:17,543 - 接口自动化测试 - INFO:login_001接口通过预期结果断言成功
2019-08-29 16:26:17,551 - 接口自动化测试 - INFO:测试结果写入excel成功，写入结果：pass
2019-08-29 16:26:17,551 - 接口自动化测试 - INFO:动态参数已写入sessionid.md文件中，参数值：0ao57dav1nrjtikissgiami557
2019-08-29 16:26:17,732 - 接口自动化测试 - INFO:接口login_002请求成功，请求方式：post，请求参数：{'username': '15217043402', 'password': 1230, 'loginType': 3, 'regFrom': 2, 'isCard': 1}
2019-08-29 16:26:17,742 - 接口自动化测试 - INFO:login_002接口通过预期结果断言成功
2019-08-29 16:26:17,752 - 接口自动化测试 - INFO:测试结果写入excel成功，写入结果：pass
2019-08-29 16:26:17,933 - 接口自动化测试 - INFO:接口login_003请求成功，请求方式：post，请求参数：{'username': '130645501500', 'password': 123456, 'loginType': 3, 'regFrom': 2, 'isCard': 1}
2019-08-29 16:26:17,942 - 接口自动化测试 - ERROR:login_003接口通过预期结果断言失败
2019-08-29 16:26:18,099 - 接口自动化测试 - INFO:接口login_004请求成功，请求方式：post，请求参数：{'username': '130645512599', 'password': 123, 'loginType': 3, 'regFrom': 2, 'isCard': 1}
2019-08-29 16:26:18,109 - 接口自动化测试 - INFO:login_004接口通过预期结果断言成功
2019-08-29 16:26:18,121 - 接口自动化测试 - INFO:测试结果写入excel成功，写入结果：pass
2019-08-29 16:26:18,292 - 接口自动化测试 - INFO:接口login_005请求成功，请求方式：post，请求参数：{'username': '', 'password': '', 'loginType': 3, 'regFrom': 2, 'isCard': 1}
2019-08-29 16:26:18,299 - 接口自动化测试 - ERROR:login_005接口通过预期结果断言失败
2019-08-29 16:26:18,497 - 接口自动化测试 - INFO:接口user_012请求成功，请求方式：get，请求参数：None
2019-08-29 16:26:18,501 - 接口自动化测试 - ERROR:user_012接口通过预期结果断言失败
2019-08-29 16:26:18,563 - 接口自动化测试 - INFO:接口user_013请求成功，请求方式：get，请求参数：None
2019-08-29 16:26:18,568 - 接口自动化测试 - INFO:user_013接口通过预期结果断言成功
2019-08-29 16:26:18,573 - 接口自动化测试 - INFO:测试结果写入excel成功，写入结果：pass
2019-08-29 16:26:18,713 - 接口自动化测试 - INFO:接口user_014请求成功，请求方式：post，请求参数：{"p": 1}
2019-08-29 16:26:18,717 - 接口自动化测试 - INFO:user_014接口通过预期结果断言成功
2019-08-29 16:26:18,723 - 接口自动化测试 - INFO:测试结果写入excel成功，写入结果：pass
2019-08-29 16:26:18,724 - 接口自动化测试 - INFO:动态参数已写入orderId.md文件中，参数值：["201908288124009146052", "201908282014004149139", "201908272327326147829", "201908271497008147098", "201908272707808126396", "201908275987107144579", "201908272337407120104", "201908271637707103508", "201908275906733139726", "201908273806533123517"]
2019-08-29 16:26:18,897 - 接口自动化测试 - INFO:接口user_015请求成功，请求方式：post，请求参数：{'orderSn': '201908288124009146052'}
2019-08-29 16:26:18,907 - 接口自动化测试 - ERROR:user_015接口通过预期结果断言失败
2019-08-29 16:26:19,089 - 接口自动化测试 - INFO:接口user_016请求成功，请求方式：get，请求参数：None
2019-08-29 16:26:19,098 - 接口自动化测试 - ERROR:user_016接口通过预期结果断言失败
2019-08-29 16:26:19,222 - 接口自动化测试 - INFO:接口user_017请求成功，请求方式：get，请求参数：None
2019-08-29 16:26:19,230 - 接口自动化测试 - INFO:user_017接口通过预期结果断言成功
2019-08-29 16:26:19,239 - 接口自动化测试 - INFO:测试结果写入excel成功，写入结果：pass
2019-08-29 16:26:19,248 - 接口自动化测试 - INFO:-------------------------测试用例执行完毕-----------------------
2019-08-29 16:26:19,248 - 接口自动化测试 - INFO:已生成html报告。。。
2019-08-29 16:26:19,366 - 接口自动化测试 - INFO:统计测试用例执行成功率完成。。。
2019-08-29 16:26:19,370 - 接口自动化测试 - INFO:----------------开始发送邮件----------------------
2019-08-29 16:26:19,370 - 接口自动化测试 - INFO:添加邮件内容：测试用例执行情况：通过数：11 失败数：6 通过率：64% 
附件为-->接口自动化测试报告<--
2019-08-29 16:26:19,370 - 接口自动化测试 - INFO:发件人邮箱：277717810@qq.com
2019-08-29 16:26:19,371 - 接口自动化测试 - INFO:读取附件
2019-08-29 16:26:19,371 - 接口自动化测试 - INFO:添加邮件附件
2019-08-29 16:26:19,394 - 接口自动化测试 - INFO:连接邮箱smtp服务
2019-08-29 16:26:19,394 - 接口自动化测试 - INFO:smtp服务连接成功
2019-08-29 16:26:20,189 - 接口自动化测试 - INFO:收件人邮箱：277717810@qq.com
2019-08-29 16:26:20,199 - 接口自动化测试 - INFO:----------------邮件发送成功----------------------
