2019-08-05 13:56:47,917 - TestLog - INFO:-----正确的账号密码登录-----
2019-08-05 13:56:48,246 - TestLog - INFO:登录结果：{'code': 1, 'msg': '登录成功'}
2019-08-05 13:56:48,246 - TestLog - INFO:提取sessionid成功，sessionid为：3h3bpu1hv6rno9qpj3cqfs10b1
2019-08-05 13:56:48,293 - TestLog - INFO:-----正确的账号错误的密码登录-----
2019-08-05 13:56:48,480 - TestLog - INFO:登录结果：{'code': 0, 'msg': '密码不正确，请重新输入'}
2019-08-05 13:56:48,480 - TestLog - INFO:-----错误的账号正确密码登录-----
2019-08-05 13:56:48,670 - TestLog - INFO:登录结果：{'code': 0, 'msg': '尚未注册，请先注册'}
2019-08-05 13:56:48,670 - TestLog - INFO:-----错误的账号错误的密码登录-----
2019-08-05 13:56:48,863 - TestLog - INFO:登录结果：{'code': 0, 'msg': '尚未注册，请先注册'}
2019-08-05 13:56:48,878 - TestLog - INFO:-----账号密码为空登录-----
2019-08-05 13:56:49,065 - TestLog - INFO:登录结果：{'code': 0, 'msg': '账户异常，请联系客服'}
2019-08-05 13:58:55,240 - TestLog - INFO:-----正确的账号密码登录-----
2019-08-05 13:58:55,521 - TestLog - INFO:登录结果：{'code': 1, 'msg': '登录成功'}
2019-08-05 13:58:55,539 - TestLog - INFO:提取sessionid成功，sessionid为：ejf12hu54068f279dnq8leceh6
2019-08-05 13:58:55,550 - TestLog - INFO:-----正确的账号错误的密码登录-----
2019-08-05 13:58:55,780 - TestLog - INFO:登录结果：{'code': 0, 'msg': '密码不正确，请重新输入'}
2019-08-05 13:58:55,780 - TestLog - INFO:-----错误的账号正确密码登录-----
2019-08-05 13:58:55,968 - TestLog - INFO:登录结果：{'code': 0, 'msg': '尚未注册，请先注册'}
2019-08-05 13:58:55,983 - TestLog - INFO:-----错误的账号错误的密码登录-----
2019-08-05 13:58:56,170 - TestLog - INFO:登录结果：{'code': 0, 'msg': '尚未注册，请先注册'}
2019-08-05 13:58:56,186 - TestLog - INFO:-----账号密码为空登录-----
2019-08-05 13:58:56,389 - TestLog - INFO:登录结果：{'code': 0, 'msg': '账户异常，请联系客服'}
2019-08-05 14:34:10,640 - TestLog - INFO:-----正确的账号密码登录-----
2019-08-05 14:34:10,842 - TestLog - INFO:登录结果：{'code': 1, 'msg': '登录成功'}
2019-08-05 14:34:10,858 - TestLog - INFO:提取sessionid成功，sessionid为：jd8s2v3rvukbfvib8rcmghd6c6
2019-08-05 14:34:10,874 - TestLog - INFO:-----正确的账号错误的密码登录-----
2019-08-05 14:34:11,061 - TestLog - INFO:登录结果：{'code': 0, 'msg': '密码不正确，请重新输入'}
2019-08-05 14:34:11,076 - TestLog - INFO:-----错误的账号正确密码登录-----
2019-08-05 14:34:11,217 - TestLog - INFO:登录结果：{'code': 0, 'msg': '尚未注册，请先注册'}
2019-08-05 14:34:11,232 - TestLog - INFO:-----错误的账号错误的密码登录-----
2019-08-05 14:34:11,373 - TestLog - INFO:登录结果：{'code': 0, 'msg': '尚未注册，请先注册'}
2019-08-05 14:34:11,388 - TestLog - INFO:-----账号密码为空登录-----
2019-08-05 14:34:11,513 - TestLog - INFO:登录结果：{'code': 0, 'msg': '账户异常，请联系客服'}
2019-08-05 14:45:52,754 - TestLog - INFO:-----正确的账号密码登录-----
2019-08-05 14:45:52,959 - TestLog - INFO:登录结果：{'code': 1, 'msg': '登录成功'}
2019-08-05 14:45:52,990 - TestLog - INFO:提取sessionid成功，sessionid为：uobdahfdv856n4803fs7emkeh0
2019-08-05 14:45:52,990 - TestLog - INFO:-----正确的账号错误的密码登录-----
2019-08-05 14:45:53,177 - TestLog - INFO:登录结果：{'code': 0, 'msg': '密码不正确，请重新输入'}
2019-08-05 14:45:53,193 - TestLog - INFO:-----错误的账号正确密码登录-----
2019-08-05 14:45:53,318 - TestLog - INFO:登录结果：{'code': 0, 'msg': '尚未注册，请先注册'}
2019-08-05 14:45:53,333 - TestLog - INFO:-----错误的账号错误的密码登录-----
2019-08-05 14:45:53,489 - TestLog - INFO:登录结果：{'code': 0, 'msg': '尚未注册，请先注册'}
2019-08-05 14:45:53,505 - TestLog - INFO:-----账号密码为空登录-----
2019-08-05 14:45:53,645 - TestLog - INFO:登录结果：{'code': 0, 'msg': '账户异常，请联系客服'}
2019-08-05 14:51:07,462 - TestLog - INFO:-----正确的账号密码登录-----
2019-08-05 14:51:07,675 - TestLog - INFO:登录结果：{'code': 1, 'msg': '登录成功'}
2019-08-05 14:51:07,700 - TestLog - INFO:提取sessionid成功，sessionid为：06tnc6g4e9ibt1l2aicoi99i65
2019-08-05 14:51:07,701 - TestLog - INFO:-----正确的账号错误的密码登录-----
2019-08-05 14:51:07,858 - TestLog - INFO:登录结果：{'code': 0, 'msg': '密码不正确，请重新输入'}
2019-08-05 14:51:07,872 - TestLog - INFO:-----错误的账号正确密码登录-----
2019-08-05 14:51:08,050 - TestLog - INFO:登录结果：{'code': 0, 'msg': '尚未注册，请先注册'}
2019-08-05 14:51:08,063 - TestLog - INFO:-----错误的账号错误的密码登录-----
2019-08-05 14:51:08,213 - TestLog - INFO:登录结果：{'code': 0, 'msg': '尚未注册，请先注册'}
2019-08-05 14:51:08,227 - TestLog - INFO:-----账号密码为空登录-----
2019-08-05 14:51:08,355 - TestLog - INFO:登录结果：{'code': 0, 'msg': '账户异常，请联系客服'}
2019-08-05 16:34:33,429 - TestLog - INFO:-----正确的账号密码登录-----
2019-08-05 16:34:33,666 - TestLog - INFO:登录结果：{'code': 1, 'msg': '登录成功'}
2019-08-05 16:34:33,691 - TestLog - INFO:-----正确的账号错误的密码登录-----
2019-08-05 16:34:33,858 - TestLog - INFO:登录结果：{'code': 0, 'msg': '密码不正确，请重新输入'}
2019-08-05 16:34:33,883 - TestLog - INFO:-----错误的账号正确密码登录-----
2019-08-05 16:34:34,018 - TestLog - INFO:登录结果：{'code': 0, 'msg': '尚未注册，请先注册'}
2019-08-05 16:34:34,043 - TestLog - INFO:-----错误的账号错误的密码登录-----
2019-08-05 16:34:34,209 - TestLog - INFO:登录结果：{'code': 0, 'msg': '尚未注册，请先注册'}
2019-08-05 16:34:34,224 - TestLog - INFO:-----账号密码为空登录-----
2019-08-05 16:34:34,353 - TestLog - INFO:登录结果：{'code': 0, 'msg': '账户异常，请联系客服'}
2019-08-05 16:37:39,597 - TestLog - INFO:-----正确的账号密码登录-----
2019-08-05 16:37:39,780 - TestLog - INFO:登录结果：{'code': 1, 'msg': '登录成功'}
2019-08-05 16:37:39,793 - TestLog - INFO:测试结果写入excel表格成功
2019-08-05 16:37:39,794 - TestLog - INFO:提取sessionid成功，sessionid为：pqc0bs2ui80qd9326m8htehe73
2019-08-05 16:37:39,795 - TestLog - INFO:-----正确的账号错误的密码登录-----
2019-08-05 16:37:39,948 - TestLog - INFO:登录结果：{'code': 0, 'msg': '密码不正确，请重新输入'}
2019-08-05 16:37:39,964 - TestLog - INFO:-----错误的账号正确密码登录-----
2019-08-05 16:37:40,163 - TestLog - INFO:登录结果：{'code': 0, 'msg': '尚未注册，请先注册'}
2019-08-05 16:37:40,179 - TestLog - INFO:-----错误的账号错误的密码登录-----
2019-08-05 16:37:40,327 - TestLog - INFO:登录结果：{'code': 0, 'msg': '尚未注册，请先注册'}
2019-08-05 16:37:40,343 - TestLog - INFO:-----账号密码为空登录-----
2019-08-05 16:37:40,497 - TestLog - INFO:登录结果：{'code': 0, 'msg': '账户异常，请联系客服'}
2019-08-05 16:39:30,226 - TestLog - INFO:-----正确的账号密码登录-----
2019-08-05 16:39:30,421 - TestLog - INFO:登录结果：{'code': 1, 'msg': '登录成功'}
2019-08-05 16:39:30,434 - TestLog - INFO:测试结果写入excel表格成功
2019-08-05 16:39:30,435 - TestLog - INFO:提取sessionid成功，sessionid为：otgcd541f27dlvncf5q0h9feh2
2019-08-05 16:39:30,436 - TestLog - INFO:-----正确的账号错误的密码登录-----
2019-08-05 16:39:30,590 - TestLog - INFO:登录结果：{'code': 0, 'msg': '密码不正确，请重新输入'}
2019-08-05 16:39:30,607 - TestLog - INFO:-----错误的账号正确密码登录-----
2019-08-05 16:39:30,749 - TestLog - INFO:登录结果：{'code': 0, 'msg': '尚未注册，请先注册'}
2019-08-05 16:39:30,765 - TestLog - INFO:-----错误的账号错误的密码登录-----
2019-08-05 16:39:30,944 - TestLog - INFO:登录结果：{'code': 0, 'msg': '尚未注册，请先注册'}
2019-08-05 16:39:30,956 - TestLog - INFO:-----账号密码为空登录-----
2019-08-05 16:39:31,113 - TestLog - INFO:登录结果：{'code': 0, 'msg': '账户异常，请联系客服'}
