2019-08-02 09:43:55,887 - TestLog - INFO:-----正确的账号密码登录-----
2019-08-02 09:43:56,145 - TestLog - INFO:登录结果：{'code': 1, 'msg': '登录成功'}
2019-08-02 10:34:46,819 - TestLog - INFO:-----正确的账号密码登录-----
2019-08-02 10:34:47,026 - TestLog - INFO:登录结果：{'code': 1, 'msg': '登录成功'}
2019-08-02 10:34:47,038 - TestLog - INFO:提取sessionid成功，sessionid为：ejsegdej3gj0vsngb7tnehfjv5
2019-08-02 10:34:47,049 - TestLog - INFO:-----正确的账号错误的密码登录-----
2019-08-02 10:34:47,226 - TestLog - INFO:登录结果：{'code': 0, 'msg': '密码不正确，请重新输入'}
2019-08-02 10:34:47,236 - TestLog - INFO:-----错误的账号正确密码登录-----
2019-08-02 10:34:47,378 - TestLog - INFO:登录结果：{'code': 0, 'msg': '尚未注册，请先注册'}
2019-08-02 10:34:47,390 - TestLog - INFO:-----错误的账号错误的密码登录-----
2019-08-02 10:34:47,535 - TestLog - INFO:登录结果：{'code': 0, 'msg': '尚未注册，请先注册'}
2019-08-02 10:34:47,544 - TestLog - INFO:-----账号密码为空登录-----
2019-08-02 10:34:47,715 - TestLog - INFO:登录结果：{'code': 0, 'msg': '账户异常，请联系客服'}
2019-08-02 10:37:01,003 - TestLog - INFO:-----正确的账号密码登录-----
2019-08-02 10:37:01,207 - TestLog - INFO:登录结果：{'code': 1, 'msg': '登录成功'}
2019-08-02 10:37:01,217 - TestLog - INFO:提取sessionid成功，sessionid为：678kgk9tpqr2gso0dn40oj05k1
2019-08-02 10:37:01,227 - TestLog - INFO:-----正确的账号错误的密码登录-----
2019-08-02 10:37:01,404 - TestLog - INFO:登录结果：{'code': 0, 'msg': '密码不正确，请重新输入'}
2019-08-02 10:37:01,411 - TestLog - INFO:-----错误的账号正确密码登录-----
2019-08-02 10:37:01,559 - TestLog - INFO:登录结果：{'code': 0, 'msg': '尚未注册，请先注册'}
2019-08-02 10:37:01,571 - TestLog - INFO:-----错误的账号错误的密码登录-----
2019-08-02 10:37:01,755 - TestLog - INFO:登录结果：{'code': 0, 'msg': '尚未注册，请先注册'}
2019-08-02 10:37:01,766 - TestLog - INFO:-----账号密码为空登录-----
2019-08-02 10:37:01,911 - TestLog - INFO:登录结果：{'code': 0, 'msg': '账户异常，请联系客服'}
2019-08-02 10:38:03,315 - TestLog - INFO:-----正确的账号密码登录-----
2019-08-02 10:38:03,520 - TestLog - INFO:登录结果：{'code': 1, 'msg': '登录成功'}
2019-08-02 10:38:03,529 - TestLog - INFO:提取sessionid成功，sessionid为：9bjafpt6gak31om46vnd7nmb10
2019-08-02 10:38:03,531 - TestLog - INFO:-----正确的账号错误的密码登录-----
2019-08-02 10:38:03,681 - TestLog - INFO:登录结果：{'code': 0, 'msg': '密码不正确，请重新输入'}
2019-08-02 10:38:03,690 - TestLog - INFO:-----错误的账号正确密码登录-----
2019-08-02 10:38:03,863 - TestLog - INFO:登录结果：{'code': 0, 'msg': '尚未注册，请先注册'}
2019-08-02 10:38:03,872 - TestLog - INFO:-----错误的账号错误的密码登录-----
2019-08-02 10:38:04,013 - TestLog - INFO:登录结果：{'code': 0, 'msg': '尚未注册，请先注册'}
2019-08-02 10:38:04,020 - TestLog - INFO:-----账号密码为空登录-----
2019-08-02 10:38:04,158 - TestLog - INFO:登录结果：{'code': 0, 'msg': '账户异常，请联系客服'}
2019-08-02 10:52:23,606 - TestLog - INFO:-----正确的账号密码登录-----
2019-08-02 10:52:23,799 - TestLog - INFO:登录结果：{'code': 1, 'msg': '登录成功'}
2019-08-02 10:52:23,809 - TestLog - INFO:提取sessionid成功，sessionid为：tc9ckq7vhujfqmaskok4i7l2p0
2019-08-02 10:52:23,809 - TestLog - INFO:-----正确的账号错误的密码登录-----
2019-08-02 10:52:23,967 - TestLog - INFO:登录结果：{'code': 0, 'msg': '密码不正确，请重新输入'}
2019-08-02 10:52:23,969 - TestLog - INFO:-----错误的账号正确密码登录-----
2019-08-02 10:52:24,081 - TestLog - INFO:登录结果：{'code': 0, 'msg': '尚未注册，请先注册'}
2019-08-02 10:52:24,091 - TestLog - INFO:-----错误的账号错误的密码登录-----
2019-08-02 10:52:24,255 - TestLog - INFO:登录结果：{'code': 0, 'msg': '尚未注册，请先注册'}
2019-08-02 10:52:24,265 - TestLog - INFO:-----账号密码为空登录-----
2019-08-02 10:52:24,407 - TestLog - INFO:登录结果：{'code': 0, 'msg': '账户异常，请联系客服'}
2019-08-02 14:38:58,745 - TestLog - INFO:-----正确的账号密码登录-----
2019-08-02 14:38:59,001 - TestLog - INFO:登录结果：{'code': 1, 'msg': '登录成功'}
2019-08-02 14:38:59,011 - TestLog - INFO:提取sessionid成功，sessionid为：j482jg87ctatag6avhg54c2843
2019-08-02 14:38:59,012 - TestLog - INFO:-----正确的账号错误的密码登录-----
2019-08-02 14:38:59,259 - TestLog - INFO:登录结果：{'code': 0, 'msg': '密码不正确，请重新输入'}
2019-08-02 14:38:59,267 - TestLog - INFO:-----错误的账号正确密码登录-----
2019-08-02 14:38:59,500 - TestLog - INFO:登录结果：{'code': 0, 'msg': '尚未注册，请先注册'}
2019-08-02 14:38:59,511 - TestLog - INFO:-----错误的账号错误的密码登录-----
2019-08-02 14:38:59,691 - TestLog - INFO:登录结果：{'code': 0, 'msg': '尚未注册，请先注册'}
2019-08-02 14:38:59,700 - TestLog - INFO:-----账号密码为空登录-----
2019-08-02 14:38:59,907 - TestLog - INFO:登录结果：{'code': 0, 'msg': '账户异常，请联系客服'}
2019-08-02 14:40:21,553 - TestLog - INFO:-----正确的账号密码登录-----
2019-08-02 14:40:21,815 - TestLog - INFO:登录结果：{'code': 1, 'msg': '登录成功'}
2019-08-02 14:40:21,825 - TestLog - INFO:提取sessionid成功，sessionid为：ctbif07btmvg9foc3qca1ed3p6
2019-08-02 14:40:21,825 - TestLog - INFO:-----正确的账号错误的密码登录-----
2019-08-02 14:40:22,052 - TestLog - INFO:登录结果：{'code': 0, 'msg': '密码不正确，请重新输入'}
2019-08-02 14:40:22,056 - TestLog - INFO:-----错误的账号正确密码登录-----
2019-08-02 14:40:22,223 - TestLog - INFO:登录结果：{'code': 0, 'msg': '尚未注册，请先注册'}
2019-08-02 14:40:22,230 - TestLog - INFO:-----错误的账号错误的密码登录-----
2019-08-02 14:40:22,409 - TestLog - INFO:登录结果：{'code': 0, 'msg': '尚未注册，请先注册'}
2019-08-02 14:40:22,420 - TestLog - INFO:-----账号密码为空登录-----
2019-08-02 14:40:22,615 - TestLog - INFO:登录结果：{'code': 0, 'msg': '账户异常，请联系客服'}
2019-08-02 14:44:30,313 - TestLog - INFO:-----正确的账号密码登录-----
2019-08-02 14:44:30,555 - TestLog - INFO:登录结果：{'code': 1, 'msg': '登录成功'}
2019-08-02 14:44:30,563 - TestLog - INFO:提取sessionid成功，sessionid为：tn6r3fduiiuo19qvft7kh83dd0
2019-08-02 14:44:30,566 - TestLog - INFO:-----正确的账号错误的密码登录-----
2019-08-02 14:44:30,802 - TestLog - INFO:登录结果：{'code': 0, 'msg': '密码不正确，请重新输入'}
2019-08-02 14:44:30,809 - TestLog - INFO:-----错误的账号正确密码登录-----
2019-08-02 14:44:31,024 - TestLog - INFO:登录结果：{'code': 0, 'msg': '尚未注册，请先注册'}
2019-08-02 14:44:31,033 - TestLog - INFO:-----错误的账号错误的密码登录-----
2019-08-02 14:44:31,236 - TestLog - INFO:登录结果：{'code': 0, 'msg': '尚未注册，请先注册'}
2019-08-02 14:44:31,246 - TestLog - INFO:-----账号密码为空登录-----
2019-08-02 14:44:31,411 - TestLog - INFO:登录结果：{'code': 0, 'msg': '账户异常，请联系客服'}
